SF:lib/app/data/models/dtos/astronomy_picture_dto.dart
DA:4,7
DA:15,3
DA:16,3
DA:17,3
DA:18,6
DA:19,3
DA:20,3
DA:21,3
DA:22,3
DA:23,3
DA:24,3
LF:11
LH:11
end_of_record
SF:lib/app/domain/entities/astronomy_picture_entity.dart
DA:11,7
LF:1
LH:1
end_of_record
SF:lib/app/domain/exceptions/nt_exception.dart
DA:5,5
LF:1
LH:1
end_of_record
SF:lib/app/domain/exceptions/nt_generic_exception.dart
DA:7,6
LF:1
LH:1
end_of_record
SF:lib/app/domain/exceptions/nt_invalid_argument_exception.dart
DA:9,1
DA:10,1
LF:2
LH:2
end_of_record
SF:lib/app/domain/usecases/get_astronomy_picture_of_the_day_usecase_imp.dart
DA:9,1
DA:11,1
DA:13,2
LF:3
LH:3
end_of_record
SF:lib/app/domain/usecases/get_random_astronomy_pictures_usecase_imp.dart
DA:11,1
DA:13,1
DA:18,1
DA:19,1
DA:22,2
DA:23,1
DA:26,2
LF:7
LH:7
end_of_record
SF:lib/app/data/repositories/get_astronomy_picture_of_the_day_repository_imp.dart
DA:10,1
DA:12,1
DA:15,2
DA:17,1
LF:4
LH:4
end_of_record
SF:lib/app/data/repositories/get_random_astronomy_pictures_repository_imp.dart
DA:11,1
DA:13,1
DA:19,2
DA:21,1
LF:4
LH:4
end_of_record
SF:lib/core/services/https/nt_client_https.dart
DA:5,1
DA:6,1
DA:7,1
DA:8,2
LF:4
LH:4
end_of_record
SF:lib/core/services/https/interceptors/api_key_interceptor.dart
DA:6,1
DA:10,3
DA:12,1
LF:3
LH:3
end_of_record
SF:lib/core/services/https/nt_client_https_base.dart
DA:7,1
DA:10,1
DA:12,3
DA:16,1
DA:22,2
DA:27,1
DA:28,3
LF:7
LH:7
end_of_record
SF:lib/app/externals/datasources/get_astronomy_picture_of_the_day_datasource_imp.dart
DA:10,1
DA:14,1
DA:16,3
DA:18,2
LF:4
LH:4
end_of_record
SF:lib/app/externals/datasources/get_random_astronomy_pictures_datasource_imp.dart
DA:11,1
DA:15,1
DA:20,1
DA:22,2
DA:24,2
DA:26,3
DA:28,2
DA:29,3
DA:32,1
DA:34,4
LF:10
LH:10
end_of_record
SF:lib/shared/extensions/date_extension.dart
DA:5,3
LF:1
LH:1
end_of_record
