SF:lib/app/data/models/dtos/astronomy_picture_dto.dart
DA:4,3
DA:15,1
DA:16,1
DA:17,1
DA:18,2
DA:19,1
DA:20,1
DA:21,1
DA:22,1
DA:23,1
DA:24,1
LF:11
LH:11
end_of_record
SF:lib/app/domain/entities/astronomy_picture_entity.dart
DA:11,3
LF:1
LH:1
end_of_record
SF:lib/app/data/repositories/get_astronomy_picture_of_the_day_repository_imp.dart
DA:10,1
DA:12,1
DA:15,2
DA:17,1
LF:4
LH:4
end_of_record
SF:lib/app/domain/exceptions/nt_exception.dart
DA:5,2
LF:1
LH:1
end_of_record
SF:lib/app/domain/exceptions/nt_generic_exception.dart
DA:7,4
LF:1
LH:1
end_of_record
SF:lib/app/domain/usecases/get_astronomy_picture_of_the_day_usecase_imp.dart
DA:9,1
DA:11,1
DA:13,2
LF:3
LH:3
end_of_record
